<?xml version="1.0" encoding="UTF-8"?>
<!-- Generated by org.testng.reporters.JUnitXMLReporter -->
<testsuite ignored="0" hostname="Siddhesh-Lad" failures="0" tests="3" name="Default test" time="2.902" errors="0" timestamp="2023-05-19T12:00:29 VUT">
  <testcase classname="api.test.UnixTimeConversionTest" name="testConvertFromDateToUnixTimeStamp" time="1.614"/>
  <testcase classname="api.test.UnixTimeConversionTest" name="testConvertFromUnixTimeStampToDate" time="0.245"/>
  <testcase classname="api.test.UnixTimeConversionTest" name="testInvalidDateString" time="0.256"/>
</testsuite> <!-- Default test -->
