<?xml version="1.0" encoding="UTF-8"?>
<testng-results ignored="0" total="3" passed="3" failed="0" skipped="0">
  <reporter-output>
  </reporter-output>
  <suite started-at="2023-05-19T12:16:38 VUT" name="UnixTime COnversion Test SUite" finished-at="2023-05-19T12:16:41 VUT" duration-ms="3017">
    <groups>
    </groups>
    <test started-at="2023-05-19T12:16:38 VUT" name="UnixTime COnversion Test SUite" finished-at="2023-05-19T12:16:41 VUT" duration-ms="3017">
      <class name="api.test.UnixTimeConversionTest">
        <test-method is-config="true" signature="setup()[pri:0, instance:api.test.UnixTimeConversionTest@6986852]" started-at="2023-05-19T12:16:38 VUT" name="setup" finished-at="2023-05-19T12:16:39 VUT" duration-ms="703" status="PASS">
          <reporter-output>
          </reporter-output>
        </test-method> <!-- setup -->
        <test-method signature="testConvertFromDateToUnixTimeStamp()[pri:0, instance:api.test.UnixTimeConversionTest@6986852]" started-at="2023-05-19T12:16:39 VUT" name="testConvertFromDateToUnixTimeStamp" finished-at="2023-05-19T12:16:41 VUT" duration-ms="1681" status="PASS">
          <reporter-output>
          </reporter-output>
        </test-method> <!-- testConvertFromDateToUnixTimeStamp -->
        <test-method signature="testConvertFromUnixTimeStampToDate()[pri:0, instance:api.test.UnixTimeConversionTest@6986852]" started-at="2023-05-19T12:16:41 VUT" name="testConvertFromUnixTimeStampToDate" finished-at="2023-05-19T12:16:41 VUT" duration-ms="248" status="PASS">
          <reporter-output>
          </reporter-output>
        </test-method> <!-- testConvertFromUnixTimeStampToDate -->
        <test-method signature="testInvalidDateString()[pri:0, instance:api.test.UnixTimeConversionTest@6986852]" started-at="2023-05-19T12:16:41 VUT" name="testInvalidDateString" finished-at="2023-05-19T12:16:41 VUT" duration-ms="264" status="PASS">
          <reporter-output>
          </reporter-output>
        </test-method> <!-- testInvalidDateString -->
      </class> <!-- api.test.UnixTimeConversionTest -->
    </test> <!-- UnixTime COnversion Test SUite -->
  </suite> <!-- UnixTime COnversion Test SUite -->
</testng-results>
