<?xml version="1.0" encoding="UTF-8"?>
<!-- Generated by org.testng.reporters.JUnitXMLReporter -->
<testsuite ignored="0" hostname="Siddhesh-Lad" failures="3" tests="3" name="Command line test" time="5.235" errors="0" timestamp="2023-05-19T13:58:13 VUT">
  <testcase classname="api.test.UnixTimeConversionTest" name="testConvertFromDateToUnixTimeStamp" time="2.686">
    <failure type="java.lang.AssertionError" message="expected [200] but found [509]">
      <![CDATA[java.lang.AssertionError: expected [200] but found [509]
at api.test.UnixTimeConversionTest.testConvertFromDateToUnixTimeStamp(UnixTimeConversionTest.java:45)
at java.base/java.util.ArrayList.forEach(ArrayList.java:1511)
... Removed 41 stack frames]]>
    </failure>
  </testcase> <!-- testConvertFromDateToUnixTimeStamp -->
  <testcase classname="api.test.UnixTimeConversionTest" name="testConvertFromUnixTimeStampToDate" time="0.74">
    <failure type="java.lang.AssertionError" message="expected [200] but found [509]">
      <![CDATA[java.lang.AssertionError: expected [200] but found [509]
at api.test.UnixTimeConversionTest.testConvertFromUnixTimeStampToDate(UnixTimeConversionTest.java:69)
at java.base/java.util.ArrayList.forEach(ArrayList.java:1511)
... Removed 41 stack frames]]>
    </failure>
  </testcase> <!-- testConvertFromUnixTimeStampToDate -->
  <testcase classname="api.test.UnixTimeConversionTest" name="testInvalidDateString" time="0.788">
    <failure type="java.lang.IllegalStateException" message="Cannot parse object because no supported Content-Type was specified in response. Content-Type was &amp;apos;text/html;charset=UTF-8&amp;apos;.">
      <![CDATA[java.lang.IllegalStateException: Cannot parse object because no supported Content-Type was specified in response. Content-Type was 'text/html;charset=UTF-8'.
at org.codehaus.groovy.runtime.callsite.ConstructorSite$ConstructorSiteNoUnwrapNoCoerce.callConstructor(ConstructorSite.java:105)
at org.codehaus.groovy.runtime.callsite.CallSiteArray.defaultCallConstructor(CallSiteArray.java:59)
at org.codehaus.groovy.runtime.callsite.AbstractCallSite.callConstructor(AbstractCallSite.java:263)
at org.codehaus.groovy.runtime.callsite.AbstractCallSite.callConstructor(AbstractCallSite.java:277)
at io.restassured.internal.mapping.ObjectMapping.deserialize(ObjectMapping.groovy:94)
at io.restassured.internal.mapping.ObjectMapping$deserialize.call(Unknown Source)
at org.codehaus.groovy.runtime.callsite.CallSiteArray.defaultCall(CallSiteArray.java:47)
at org.codehaus.groovy.runtime.callsite.AbstractCallSite.call(AbstractCallSite.java:125)
at io.restassured.internal.RestAssuredResponseOptionsGroovyImpl.as(RestAssuredResponseOptionsGroovyImpl.groovy:226)
at io.restassured.internal.RestAssuredResponseOptionsImpl.as(RestAssuredResponseOptionsImpl.java:169)
at api.test.UnixTimeConversionTest.testInvalidDateString(UnixTimeConversionTest.java:83)
at java.base/java.util.ArrayList.forEach(ArrayList.java:1511)
... Removed 42 stack frames]]>
    </failure>
  </testcase> <!-- testInvalidDateString -->
</testsuite> <!-- Command line test -->
