<?xml version="1.0" encoding="UTF-8"?>
<!-- Generated by org.testng.reporters.JUnitXMLReporter -->
<testsuite ignored="0" hostname="Siddhesh-Lad" failures="0" tests="3" name="Command line test" time="4.037" errors="0" timestamp="2023-05-19T12:10:37 VUT">
  <testcase classname="api.test.UnixTimeConversionTest" name="testConvertFromDateToUnixTimeStamp" time="1.734"/>
  <testcase classname="api.test.UnixTimeConversionTest" name="testConvertFromUnixTimeStampToDate" time="0.288"/>
  <testcase classname="api.test.UnixTimeConversionTest" name="testInvalidDateString" time="1.245"/>
</testsuite> <!-- Command line test -->
