<?xml version="1.0" encoding="UTF-8" ?>
<testsuite tests="3" failures="0" name="api.test.UnixTimeConversionTest" time="3.272" errors="0" skipped="0">
  <properties>
[...]
</properties>
  <testcase classname="api.test.UnixTimeConversionTest" name="testConvertFromDateToUnixTimeStamp" time="1.738"/>
  <testcase classname="api.test.UnixTimeConversionTest" name="testConvertFromUnixTimeStampToDate" time="0.29"/>
  <testcase classname="api.test.UnixTimeConversionTest" name="testInvalidDateString" time="1.244"/>
</testsuite>