<?xml version="1.0" encoding="UTF-8" ?>
<testsuite tests="3" failures="3" name="api.test.UnixTimeConversionTest" time="4.246" errors="0" skipped="0">
  <properties>
[...]
</properties>
  <testcase classname="api.test.UnixTimeConversionTest" name="testConvertFromDateToUnixTimeStamp" time="2.695">
    <failure message="expected [200] but found [509]" type="java.lang.AssertionError">java.lang.AssertionError: expected [200] but found [509]
	at org.testng.Assert.fail(Assert.java:97)
	at org.testng.Assert.assertEqualsImpl(Assert.java:136)
	at org.testng.Assert.assertEquals(Assert.java:118)
	at org.testng.Assert.assertEquals(Assert.java:839)
	at org.testng.Assert.assertEquals(Assert.java:849)
	at api.test.UnixTimeConversionTest.testConvertFromDateToUnixTimeStamp(UnixTimeConversionTest.java:45)
</failure>
    <system-out>Configuring TestNG with: org.apache.maven.surefire.testng.conf.TestNG652Configurator@687080dc
Print Response for testConvertFromDateToUnixTimeStamp : &lt;!DOCTYPE HTML PUBLIC &quot;-//IETF//DTD HTML 2.0//EN&quot;&gt;
&lt;html&gt;&lt;head&gt;
&lt;title&gt;503 Service Temporarily Unavailable&lt;/title&gt;
&lt;script src=&quot;/cdn-cgi/apps/head/d68TQN-2Nl9xNJpFHLNJ6Jj2TPo.js&quot;&gt;&lt;/script&gt;&lt;/head&gt;&lt;body&gt;
&lt;h1&gt;HTTP/1.1 503 Service Temporarily Unavailable&lt;/h1&gt;
&lt;p&gt;Reason: The Requested URL /api/unix-timestamp-converter/ is Service Temporarily Unavailable.&lt;/p&gt;
&lt;script&gt;(function(){var js = &quot;window[&apos;__CF$cv$params&apos;]={r:&apos;7c9913a24b38a956&apos;,m:&apos;5.d8uu_gCRi7PJxFiU_X3iF04L9dpX1W9Qtgm_oI06o-1684465091-0-AWK/eN8EqI2djk8q7AyHFNW/EylwytNMI2bSu8MCt+Yu&apos;,u:&apos;/cdn-cgi/challenge-platform/h/g&apos;};_cpo=document.createElement(&apos;script&apos;);_cpo.nonce=&apos;&apos;,_cpo.src=&apos;/cdn-cgi/challenge-platform/scripts/invisible.js&apos;,document.getElementsByTagName(&apos;head&apos;)[0].appendChild(_cpo);&quot;;var _0xh = document.createElement(&apos;iframe&apos;);_0xh.height = 1;_0xh.width = 1;_0xh.style.position = &apos;absolute&apos;;_0xh.style.top = 0;_0xh.style.left = 0;_0xh.style.border = &apos;none&apos;;_0xh.style.visibility = &apos;hidden&apos;;document.body.appendChild(_0xh);function handler() {var _0xi = _0xh.contentDocument || _0xh.contentWindow.document;if (_0xi) {var _0xj = _0xi.createElement(&apos;script&apos;);_0xj.nonce = &apos;&apos;;_0xj.innerHTML = js;_0xi.getElementsByTagName(&apos;head&apos;)[0].appendChild(_0xj);}}if (document.readyState !== &apos;loading&apos;) {handler();} else if (window.addEventListener) {document.addEventListener(&apos;DOMContentLoaded&apos;, handler);} else {var prev = document.onreadystatechange || function () {};document.onreadystatechange = function (e) {prev(e);if (document.readyState !== &apos;loading&apos;) {document.onreadystatechange = prev;handler();}};}})();&lt;/script&gt;&lt;/body&gt;&lt;/html&gt;
</system-out>
  </testcase>
  <testcase classname="api.test.UnixTimeConversionTest" name="testConvertFromUnixTimeStampToDate" time="0.776">
    <failure message="expected [200] but found [509]" type="java.lang.AssertionError">java.lang.AssertionError: expected [200] but found [509]
	at org.testng.Assert.fail(Assert.java:97)
	at org.testng.Assert.assertEqualsImpl(Assert.java:136)
	at org.testng.Assert.assertEquals(Assert.java:118)
	at org.testng.Assert.assertEquals(Assert.java:839)
	at org.testng.Assert.assertEquals(Assert.java:849)
	at api.test.UnixTimeConversionTest.testConvertFromUnixTimeStampToDate(UnixTimeConversionTest.java:69)
</failure>
    <system-out>Print Response for testConvertFromUnixTimeStampToDate : &lt;!DOCTYPE HTML PUBLIC -//IETF//DTD HTML 2.0//EN&gt;
&lt;html&gt;&lt;head&gt;
&lt;title&gt;503 Service Temporarily Unavailable&lt;/title&gt;
&lt;script src=/cdn-cgi/apps/head/d68TQN-2Nl9xNJpFHLNJ6Jj2TPo.js&gt;&lt;/script&gt;&lt;/head&gt;&lt;body&gt;
&lt;h1&gt;HTTP/1.1 503 Service Temporarily Unavailable&lt;/h1&gt;
&lt;p&gt;Reason: The Requested URL /api/unix-timestamp-converter/ is Service Temporarily Unavailable.&lt;/p&gt;
&lt;script&gt;(function(){var js = window[&apos;__CF$cv$params&apos;]={r:&apos;7c9913a8ca27a949&apos;,m:&apos;3uG_zuwWP83HMCRH1227V4BEocMfeE8aaqwlWvId7ic-1684465092-0-AaJhEmHJ1VIYK3ZHT1MNAX0uCuSFK7C7mrgylimrXLFr&apos;,u:&apos;/cdn-cgi/challenge-platform/h/g&apos;};_cpo=document.createElement(&apos;script&apos;);_cpo.nonce=&apos;&apos;,_cpo.src=&apos;/cdn-cgi/challenge-platform/scripts/invisible.js&apos;,document.getElementsByTagName(&apos;head&apos;)[0].appendChild(_cpo);;var _0xh = document.createElement(&apos;iframe&apos;);_0xh.height = 1;_0xh.width = 1;_0xh.style.position = &apos;absolute&apos;;_0xh.style.top = 0;_0xh.style.left = 0;_0xh.style.border = &apos;none&apos;;_0xh.style.visibility = &apos;hidden&apos;;document.body.appendChild(_0xh);function handler() {var _0xi = _0xh.contentDocument || _0xh.contentWindow.document;if (_0xi) {var _0xj = _0xi.createElement(&apos;script&apos;);_0xj.nonce = &apos;&apos;;_0xj.innerHTML = js;_0xi.getElementsByTagName(&apos;head&apos;)[0].appendChild(_0xj);}}if (document.readyState !== &apos;loading&apos;) {handler();} else if (window.addEventListener) {document.addEventListener(&apos;DOMContentLoaded&apos;, handler);} else {var prev = document.onreadystatechange || function () {};document.onreadystatechange = function (e) {prev(e);if (document.readyState !== &apos;loading&apos;) {document.onreadystatechange = prev;handler();}};}})();&lt;/script&gt;&lt;/body&gt;&lt;/html&gt;
</system-out>
  </testcase>
  <testcase classname="api.test.UnixTimeConversionTest" name="testInvalidDateString" time="0.775">
    <failure message="Cannot parse object because no supported Content-Type was specified in response. Content-Type was &apos;text/html;charset=UTF-8&apos;." type="java.lang.IllegalStateException">java.lang.IllegalStateException: Cannot parse object because no supported Content-Type was specified in response. Content-Type was &apos;text/html;charset=UTF-8&apos;.
	at java.base/jdk.internal.reflect.NativeConstructorAccessorImpl.newInstance0(Native Method)
	at java.base/jdk.internal.reflect.NativeConstructorAccessorImpl.newInstance(NativeConstructorAccessorImpl.java:77)
	at java.base/jdk.internal.reflect.DelegatingConstructorAccessorImpl.newInstance(DelegatingConstructorAccessorImpl.java:45)
	at java.base/java.lang.reflect.Constructor.newInstanceWithCaller(Constructor.java:499)
	at java.base/java.lang.reflect.Constructor.newInstance(Constructor.java:480)
	at org.codehaus.groovy.reflection.CachedConstructor.invoke(CachedConstructor.java:72)
	at org.codehaus.groovy.runtime.callsite.ConstructorSite$ConstructorSiteNoUnwrapNoCoerce.callConstructor(ConstructorSite.java:105)
	at org.codehaus.groovy.runtime.callsite.CallSiteArray.defaultCallConstructor(CallSiteArray.java:59)
	at org.codehaus.groovy.runtime.callsite.AbstractCallSite.callConstructor(AbstractCallSite.java:263)
	at org.codehaus.groovy.runtime.callsite.AbstractCallSite.callConstructor(AbstractCallSite.java:277)
	at io.restassured.internal.mapping.ObjectMapping.deserialize(ObjectMapping.groovy:94)
	at io.restassured.internal.mapping.ObjectMapping$deserialize.call(Unknown Source)
	at org.codehaus.groovy.runtime.callsite.CallSiteArray.defaultCall(CallSiteArray.java:47)
	at org.codehaus.groovy.runtime.callsite.AbstractCallSite.call(AbstractCallSite.java:125)
	at io.restassured.internal.RestAssuredResponseOptionsGroovyImpl.as(RestAssuredResponseOptionsGroovyImpl.groovy:226)
	at io.restassured.internal.RestAssuredResponseOptionsImpl.as(RestAssuredResponseOptionsImpl.java:169)
	at api.test.UnixTimeConversionTest.testInvalidDateString(UnixTimeConversionTest.java:83)
</failure>
  </testcase>
</testsuite>