<?xml version="1.0" encoding="UTF-8"?>
<!-- Generated by org.testng.reporters.JUnitXMLReporter -->
<testsuite ignored="0" hostname="Siddhesh-Lad" failures="0" tests="3" name="UnixTime COnversion Test SUite" time="3.017" errors="0" timestamp="2023-05-19T12:16:41 VUT">
  <testcase classname="api.test.UnixTimeConversionTest" name="testConvertFromDateToUnixTimeStamp" time="1.681"/>
  <testcase classname="api.test.UnixTimeConversionTest" name="testConvertFromUnixTimeStampToDate" time="0.248"/>
  <testcase classname="api.test.UnixTimeConversionTest" name="testInvalidDateString" time="0.264"/>
</testsuite> <!-- UnixTime COnversion Test SUite -->
