<?xml version="1.0" encoding="UTF-8"?>
<!-- Generated by org.testng.reporters.JUnitXMLReporter -->
<testsuite ignored="0" hostname="Siddhesh-Lad" failures="3" tests="5" name="UnixTime Conversion Test Suite" time="6.004" errors="0" timestamp="2023-05-19T21:19:01 VUT">
  <testcase classname="api.test.UnixTimeConversionTest" name="testConvertFromDateToUnixTimeStamp" time="2.075"/>
  <testcase classname="api.test.UnixTimeConversionTest" name="testConvertFromUnixTimeStampToDate" time="1.302"/>
  <testcase classname="api.test.UnixTimeConversionTest" name="testInvalidDateString" time="0.608">
    <failure type="java.lang.AssertionError" message="expected [400] but found [200]">
      <![CDATA[java.lang.AssertionError: expected [400] but found [200]
at api.test.UnixTimeConversionTest.testInvalidDateString(UnixTimeConversionTest.java:85)
at java.base/java.util.ArrayList.forEach(ArrayList.java:1511)
... Removed 32 stack frames]]>
    </failure>
  </testcase> <!-- testInvalidDateString -->
  <testcase classname="api.test.UnixTimeConversionTest" name="testEmptyDateString" time="0.496">
    <failure type="java.lang.AssertionError" message="expected [2023-19-19 09:19:00] but found [false]">
      <![CDATA[java.lang.AssertionError: expected [2023-19-19 09:19:00] but found [false]
at api.test.UnixTimeConversionTest.testEmptyDateString(UnixTimeConversionTest.java:112)
at java.base/java.util.ArrayList.forEach(ArrayList.java:1511)
... Removed 32 stack frames]]>
    </failure>
  </testcase> <!-- testEmptyDateString -->
  <testcase classname="api.test.UnixTimeConversionTest" name="testEmptyTimeStampString" time="0.533">
    <failure type="java.lang.AssertionError" message="expected [2023-05-19T10:19:01.368051100Z] but found [false]">
      <![CDATA[java.lang.AssertionError: expected [2023-05-19T10:19:01.368051100Z] but found [false]
at api.test.UnixTimeConversionTest.testEmptyTimeStampString(UnixTimeConversionTest.java:133)
at java.base/java.util.ArrayList.forEach(ArrayList.java:1511)
... Removed 31 stack frames]]>
    </failure>
  </testcase> <!-- testEmptyTimeStampString -->
</testsuite> <!-- UnixTime Conversion Test Suite -->
