<?xml version="1.0" encoding="UTF-8"?>
<!-- Generated by org.testng.reporters.JUnitXMLReporter -->
<testsuite ignored="0" hostname="Siddhesh-Lad" failures="5" tests="5" name="UnixTime Conversion Test Suite" time="8.074" errors="0" timestamp="2023-05-19T17:03:32 VUT">
  <testcase classname="api.test.UnixTimeConversionTest" name="testConvertFromDateToUnixTimeStamp" time="4.627">
    <failure type="java.lang.AssertionError" message="expected [200] but found [509]">
      <![CDATA[java.lang.AssertionError: expected [200] but found [509]
at api.test.UnixTimeConversionTest.testConvertFromDateToUnixTimeStamp(UnixTimeConversionTest.java:51)
at java.base/java.util.ArrayList.forEach(ArrayList.java:1511)
... Removed 32 stack frames]]>
    </failure>
  </testcase> <!-- testConvertFromDateToUnixTimeStamp -->
  <testcase classname="api.test.UnixTimeConversionTest" name="testConvertFromUnixTimeStampToDate" time="0.706">
    <failure type="java.lang.AssertionError" message="expected [200] but found [509]">
      <![CDATA[java.lang.AssertionError: expected [200] but found [509]
at api.test.UnixTimeConversionTest.testConvertFromUnixTimeStampToDate(UnixTimeConversionTest.java:73)
at java.base/java.util.ArrayList.forEach(ArrayList.java:1511)
... Removed 32 stack frames]]>
    </failure>
  </testcase> <!-- testConvertFromUnixTimeStampToDate -->
  <testcase classname="api.test.UnixTimeConversionTest" name="testInvalidDateString" time="0.7">
    <failure type="java.lang.AssertionError" message="expected [400] but found [509]">
      <![CDATA[java.lang.AssertionError: expected [400] but found [509]
at api.test.UnixTimeConversionTest.testInvalidDateString(UnixTimeConversionTest.java:95)
at java.base/java.util.ArrayList.forEach(ArrayList.java:1511)
... Removed 32 stack frames]]>
    </failure>
  </testcase> <!-- testInvalidDateString -->
  <testcase classname="api.test.UnixTimeConversionTest" name="testEmptyDateString" time="0.229">
    <failure type="java.lang.AssertionError" message="expected [2023-03-19 05:03:31] but found [false]">
      <![CDATA[java.lang.AssertionError: expected [2023-03-19 05:03:31] but found [false]
at api.test.UnixTimeConversionTest.testEmptyDateString(UnixTimeConversionTest.java:122)
at java.base/java.util.ArrayList.forEach(ArrayList.java:1511)
... Removed 32 stack frames]]>
    </failure>
  </testcase> <!-- testEmptyDateString -->
  <testcase classname="api.test.UnixTimeConversionTest" name="testEmptyTimeStampString" time="1.222">
    <failure type="java.lang.AssertionError" message="expected [2023-05-19T06:03:31.738497Z] but found [false]">
      <![CDATA[java.lang.AssertionError: expected [2023-05-19T06:03:31.738497Z] but found [false]
at api.test.UnixTimeConversionTest.testEmptyTimeStampString(UnixTimeConversionTest.java:140)
at java.base/java.util.ArrayList.forEach(ArrayList.java:1511)
... Removed 31 stack frames]]>
    </failure>
  </testcase> <!-- testEmptyTimeStampString -->
</testsuite> <!-- UnixTime Conversion Test Suite -->
